<?xml version="1.0" encoding="UTF-8"?>
<!-- Generated by org.testng.reporters.JUnitReportReporter -->
<testsuite hostname="EBJAK-XING-LAPTOP-01" failures="0" tests="6" name="api.test.DataDrivenTests2" time="4.183" errors="0" timestamp="2023-09-06T13:40:40 CDT" skipped="0">
  <testcase classname="api.test.DataDrivenTests2" name="testPostUser" time="0.248"/>
  <testcase classname="api.test.DataDrivenTests2" name="testPostUser" time="0.266"/>
  <testcase classname="api.test.DataDrivenTests2" name="testPostUser" time="2.957"/>
  <testcase classname="api.test.DataDrivenTests2" name="testDeleteUserByName" time="0.257"/>
  <testcase classname="api.test.DataDrivenTests2" name="testDeleteUserByName" time="0.237"/>
  <testcase classname="api.test.DataDrivenTests2" name="testDeleteUserByName" time="0.218"/>
</testsuite> <!-- api.test.DataDrivenTests2 -->
