<?xml version="1.0" encoding="UTF-8"?>
<!-- Generated by org.testng.reporters.JUnitReportReporter -->
<testsuite hostname="EBJAK-XING-LAPTOP-01" failures="0" tests="4" name="api.test.UserTests" time="3.817" errors="0" timestamp="2023-09-06T11:54:35 CDT" skipped="0">
  <testcase classname="api.test.UserTests" name="testCreateUser" time="0.333"/>
  <testcase classname="api.test.UserTests" name="testGetUserByName" time="2.435"/>
  <testcase classname="api.test.UserTests" name="testUpdateUserByName" time="0.814"/>
  <testcase classname="api.test.UserTests" name="testDeleteUserByName" time="0.235"/>
</testsuite> <!-- api.test.UserTests -->
