<?xml version="1.0" encoding="UTF-8"?>
<!-- Generated by org.testng.reporters.JUnitReportReporter -->
<testsuite hostname="EBJAK-XING-LAPTOP-01" failures="0" tests="4" name="api.test.UserTests2" time="3.131" errors="0" timestamp="2023-09-06T13:40:40 CDT" skipped="0">
  <testcase classname="api.test.UserTests2" name="testCreateUser" time="0.296"/>
  <testcase classname="api.test.UserTests2" name="testGetUserByName" time="1.833"/>
  <testcase classname="api.test.UserTests2" name="testUpdateUserByName" time="0.759"/>
  <testcase classname="api.test.UserTests2" name="testDeleteUserByName" time="0.243"/>
</testsuite> <!-- api.test.UserTests2 -->
