<?xml version="1.0" encoding="UTF-8"?>
<!-- Generated by org.testng.reporters.JUnitReportReporter -->
<testsuite hostname="EBJAK-XING-LAPTOP-01" failures="0" tests="6" name="api.test.DataDrivenTests" time="4.775" errors="0" timestamp="2023-09-06T13:34:58 CDT" skipped="0">
  <testcase classname="api.test.DataDrivenTests" name="testPostUser" time="0.298"/>
  <testcase classname="api.test.DataDrivenTests" name="testPostUser" time="3.218"/>
  <testcase classname="api.test.DataDrivenTests" name="testPostUser" time="0.323"/>
  <testcase classname="api.test.DataDrivenTests" name="testDeleteUserByName" time="0.292"/>
  <testcase classname="api.test.DataDrivenTests" name="testDeleteUserByName" time="0.269"/>
  <testcase classname="api.test.DataDrivenTests" name="testDeleteUserByName" time="0.375"/>
</testsuite> <!-- api.test.DataDrivenTests -->
