<?xml version="1.0" encoding="UTF-8"?>
<!-- Generated by org.testng.reporters.JUnitReportReporter -->
<testsuite hostname="EBJAK-XING-LAPTOP-01" failures="0" tests="6" name="api.test.DataDrivenTests" time="6.193" errors="0" timestamp="2023-09-06T15:50:19 CDT" skipped="0">
  <testcase classname="api.test.DataDrivenTests" name="testPostUser" time="0.270"/>
  <testcase classname="api.test.DataDrivenTests" name="testPostUser" time="0.317"/>
  <testcase classname="api.test.DataDrivenTests" name="testPostUser" time="4.831"/>
  <testcase classname="api.test.DataDrivenTests" name="testDeleteUserByName" time="0.223"/>
  <testcase classname="api.test.DataDrivenTests" name="testDeleteUserByName" time="0.240"/>
  <testcase classname="api.test.DataDrivenTests" name="testDeleteUserByName" time="0.312"/>
</testsuite> <!-- api.test.DataDrivenTests -->
