<?xml version="1.0" encoding="UTF-8"?>
<!-- Generated by org.testng.reporters.JUnitReportReporter -->
<testsuite hostname="EBJAK-XING-LAPTOP-01" failures="0" tests="6" name="api.test.DataDrivenTests" time="4.758" errors="0" timestamp="2023-09-07T09:54:22 CDT" skipped="0">
  <testcase classname="api.test.DataDrivenTests" name="testPostUser" time="0.265"/>
  <testcase classname="api.test.DataDrivenTests" name="testPostUser" time="3.476"/>
  <testcase classname="api.test.DataDrivenTests" name="testPostUser" time="0.268"/>
  <testcase classname="api.test.DataDrivenTests" name="testDeleteUserByName" time="0.282"/>
  <testcase classname="api.test.DataDrivenTests" name="testDeleteUserByName" time="0.233"/>
  <testcase classname="api.test.DataDrivenTests" name="testDeleteUserByName" time="0.234"/>
</testsuite> <!-- api.test.DataDrivenTests -->
