<?xml version="1.0" encoding="UTF-8"?>
<!-- Generated by org.testng.reporters.JUnitReportReporter -->
<testsuite hostname="EBJAK-XING-LAPTOP-01" failures="0" tests="4" name="api.test.UserTests" time="4.875" errors="0" timestamp="2023-09-06T15:50:19 CDT" skipped="0">
  <testcase classname="api.test.UserTests" name="testCreateUser" time="0.396"/>
  <testcase classname="api.test.UserTests" name="testGetUserByName" time="3.634"/>
  <testcase classname="api.test.UserTests" name="testUpdateUserByName" time="0.635"/>
  <testcase classname="api.test.UserTests" name="testDeleteUserByName" time="0.210"/>
</testsuite> <!-- api.test.UserTests -->
