<?xml version="1.0" encoding="UTF-8"?>
<!-- Generated by org.testng.reporters.JUnitReportReporter -->
<testsuite hostname="EBJAK-XING-LAPTOP-01" failures="0" tests="4" name="api.test.UserTests" time="2.360" errors="0" timestamp="2023-09-07T09:54:22 CDT" skipped="0">
  <testcase classname="api.test.UserTests" name="testCreateUser" time="0.312"/>
  <testcase classname="api.test.UserTests" name="testGetUserByName" time="1.253"/>
  <testcase classname="api.test.UserTests" name="testUpdateUserByName" time="0.563"/>
  <testcase classname="api.test.UserTests" name="testDeleteUserByName" time="0.232"/>
</testsuite> <!-- api.test.UserTests -->
